<?xml version="1.0" encoding="UTF-8"?>
<testsuite xmlns:xsi="http://www.w3.org/2001/XMLSchema-instance" xsi:noNamespaceSchemaLocation="https://maven.apache.org/surefire/maven-surefire-plugin/xsd/surefire-test-report-3.0.xsd" version="3.0" name="si.pricescout.stores.service.PriceServiceImplTest" time="4.984" tests="5" errors="0" skipped="0" failures="0">
  <properties>
[...]
</properties>
  <testcase name="getPricesForProductShouldReturnEmptyFlux" classname="si.pricescout.stores.service.PriceServiceImplTest" time="4.557">
    <system-err><![CDATA[WARNING: A Java agent has been loaded dynamically (/root/.m2/repository/net/bytebuddy/byte-buddy-agent/1.14.19/byte-buddy-agent-1.14.19.jar)
WARNING: If a serviceability tool is in use, please run with -XX:+EnableDynamicAgentLoading to hide this warning
WARNING: If a serviceability tool is not in use, please run with -Djdk.instrument.traceUsage for more information
WARNING: Dynamic loading of agents will be disallowed by default in a future release
]]></system-err>
  </testcase>
  <testcase name="updatePriceShouldFailForNegativeValue" classname="si.pricescout.stores.service.PriceServiceImplTest" time="0.029"/>
  <testcase name="createPriceShouldFailWhenStoreDoesNotExist" classname="si.pricescout.stores.service.PriceServiceImplTest" time="0.185"/>
  <testcase name="updatePriceShouldFailWhenPriceDoesNotExist" classname="si.pricescout.stores.service.PriceServiceImplTest" time="0.023"/>
  <testcase name="createPriceShouldSaveAndPublishEvent" classname="si.pricescout.stores.service.PriceServiceImplTest" time="0.077">
    <system-out><![CDATA[17:26:01.996 [main] INFO si.pricescout.stores.service.impl.PriceServiceImpl -- Created price id=5 productId=100 storeId=1 value=4.99
]]></system-out>
  </testcase>
</testsuite>